<?xml version="1.0" encoding="UTF-8"?>
<!-- Generated by org.testng.reporters.JUnitReportReporter -->
<testsuite hostname="QSP" failures="0" tests="1" name="scripts.AddingCoursetocart" time="34.484" errors="0" timestamp="2021-06-24T07:53:14 IST" skipped="0">
  <testcase classname="scripts.AddingCoursetocart" name="course" time="34.484"/>
</testsuite> <!-- scripts.AddingCoursetocart -->
